2024-02-21 14:14:32,458 : INFO : Start of Training
2024-02-21 14:14:32,458 : INFO : Run_id:2024-02-21_141432_861284136
2024-02-21 14:14:32,458 : INFO : Start of Data Load, validation and transformation
2024-02-21 14:14:32,458 : INFO : Start of Archiving Old Rejected Files...
2024-02-21 14:14:32,459 : INFO : End of Archiving Old Rejected Files...
2024-02-21 14:14:32,459 : INFO : Start of Archiving Old Validated Files...
2024-02-21 14:14:32,460 : INFO : End of Archiving Old Validated Files...
2024-02-21 14:14:32,460 : INFO : Start of Archiving Old Processed Files...
2024-02-21 14:14:32,461 : INFO : End of Archiving Old Processed Files...
2024-02-21 14:14:32,461 : INFO : Start of Archiving Old Result Files...
2024-02-21 14:14:32,461 : INFO : End of Archiving Old Result Files...
2024-02-21 14:14:32,461 : INFO : Start of Reading values From Schema...
2024-02-21 14:14:32,462 : INFO : End of Reading values From Schema...
2024-02-21 14:14:32,462 : INFO : Start of Validating Column Length...
2024-02-21 14:14:32,462 : INFO : End of Validating Column Length...
2024-02-21 14:14:32,462 : INFO : Start of Validating Missing Values...
2024-02-21 14:14:32,462 : INFO : End of Validating Missing Values...
2024-02-21 14:14:32,462 : INFO : Start of Replacing Missing Values with NULL...
2024-02-21 14:14:32,462 : INFO : End of Replacing Missing Values with NULL...
2024-02-21 14:14:32,462 : INFO : Start of Creating Table...
2024-02-21 14:14:32,462 : INFO : Opened training database successfully
2024-02-21 14:14:32,464 : INFO : Tables created successfully
2024-02-21 14:14:32,464 : INFO : Closed training database successfully
2024-02-21 14:14:32,464 : INFO : End of Creating Table...
2024-02-21 14:14:32,464 : INFO : Opened training database successfully
2024-02-21 14:14:32,464 : INFO : Start of Inserting Data into Table...
2024-02-21 14:14:32,464 : INFO : End of Inserting Data into Table...
2024-02-21 14:14:32,464 : INFO : Start of Exporting Data into CSV...
2024-02-21 14:14:32,464 : INFO : Opened training database successfully
2024-02-21 14:14:32,468 : INFO : End of Exporting Data into CSV...
2024-02-21 14:14:32,469 : INFO : Start of Moving Processed Files...
2024-02-21 14:14:32,469 : INFO : End of Moving Processed Files...
2024-02-21 14:14:32,469 : INFO : End of Data Load, validation and transformation
2024-02-21 14:14:32,469 : INFO : Start of Preprocessing...
2024-02-21 14:14:32,469 : INFO : Start of reading dataset...
2024-02-21 14:14:32,474 : INFO : End of reading dataset...
2024-02-21 14:14:32,475 : INFO : Start of feature encoding...
2024-02-21 14:14:32,475 : INFO : End of feature encoding...
2024-02-21 14:14:32,476 : INFO : Start of finding missing values...
2024-02-21 14:14:32,476 : INFO : End of finding missing values...
2024-02-21 14:14:32,476 : INFO : Start of splitting features and label ...
2024-02-21 14:14:32,477 : INFO : End of splitting features and label ...
2024-02-21 14:14:32,477 : INFO : End of Preprocessing...
2024-02-21 14:14:32,478 : INFO : Start of elbow plotting...
2024-02-21 14:14:32,984 : INFO : The optimum number of clusters is: 3
2024-02-21 14:14:32,984 : INFO : End of elbow plotting...
2024-02-21 14:14:32,984 : INFO : Start of Create clusters...
2024-02-21 14:14:32,991 : INFO : Start of Save Models
2024-02-21 14:14:32,991 : INFO : Start of Save Models
2024-02-21 14:14:32,994 : INFO : Model File KMeans saved
2024-02-21 14:14:32,994 : INFO : Model File KMeans saved
2024-02-21 14:14:32,994 : INFO : End of Save Models
2024-02-21 14:14:32,994 : INFO : End of Save Models
2024-02-21 14:14:32,995 : INFO : succesfully created 3clusters.
2024-02-21 14:14:32,995 : INFO : End of Create clusters...
2024-02-21 14:14:32,998 : INFO : Start of finding best model...
2024-02-21 14:14:32,998 : INFO : Start of finding best params for XGBoost algo...
2024-02-21 14:14:57,773 : INFO : XGBoost best params: {'learning_rate': 0.5, 'max_depth': 5, 'n_estimators': 10}
2024-02-21 14:14:57,774 : INFO : End of finding best params for XGBoost algo...
2024-02-21 14:14:57,781 : INFO : AUC for XGBoost:0.6335227272727273
2024-02-21 14:14:57,781 : INFO : Start of finding best params for randomforest algo...
2024-02-21 14:15:08,921 : INFO : Random Forest best params: {'criterion': 'entropy', 'max_depth': 3, 'max_features': 'log2', 'n_estimators': 10}
2024-02-21 14:15:08,921 : INFO : End of finding best params for randomforest algo...
2024-02-21 14:15:08,927 : INFO : AUC for XGBoost:0.740530303030303
2024-02-21 14:15:08,927 : INFO : End of finding best model...
2024-02-21 14:15:08,927 : INFO : Start of Save Models
2024-02-21 14:15:08,927 : INFO : Start of Save Models
2024-02-21 14:15:08,929 : INFO : Model File RandomForest2 saved
2024-02-21 14:15:08,929 : INFO : Model File RandomForest2 saved
2024-02-21 14:15:08,929 : INFO : End of Save Models
2024-02-21 14:15:08,929 : INFO : End of Save Models
2024-02-21 14:15:08,932 : INFO : Start of finding best model...
2024-02-21 14:15:08,932 : INFO : Start of finding best params for XGBoost algo...
2024-02-21 14:15:25,703 : INFO : XGBoost best params: {'learning_rate': 0.5, 'max_depth': 10, 'n_estimators': 200}
2024-02-21 14:15:25,703 : INFO : End of finding best params for XGBoost algo...
2024-02-21 14:15:25,708 : INFO : AUC for XGBoost:0.7222222222222222
2024-02-21 14:15:25,708 : INFO : Start of finding best params for randomforest algo...
2024-02-21 14:15:31,468 : INFO : Random Forest best params: {'criterion': 'gini', 'max_depth': 3, 'max_features': 'log2', 'n_estimators': 100}
2024-02-21 14:15:31,468 : INFO : End of finding best params for randomforest algo...
2024-02-21 14:15:31,471 : INFO : AUC for XGBoost:0.7063492063492063
2024-02-21 14:15:31,471 : INFO : End of finding best model...
2024-02-21 14:15:31,471 : INFO : Start of Save Models
2024-02-21 14:15:31,471 : INFO : Start of Save Models
2024-02-21 14:15:31,474 : INFO : Model File XGBoost0 saved
2024-02-21 14:15:31,474 : INFO : Model File XGBoost0 saved
2024-02-21 14:15:31,474 : INFO : End of Save Models
2024-02-21 14:15:31,474 : INFO : End of Save Models
2024-02-21 14:15:31,476 : INFO : Start of finding best model...
2024-02-21 14:15:31,476 : INFO : Start of finding best params for XGBoost algo...
2024-02-21 14:15:42,782 : INFO : XGBoost best params: {'learning_rate': 0.01, 'max_depth': 3, 'n_estimators': 10}
2024-02-21 14:15:42,782 : INFO : End of finding best params for XGBoost algo...
2024-02-21 14:15:42,787 : INFO : AUC for XGBoost:0.7857142857142857
2024-02-21 14:15:42,787 : INFO : Start of finding best params for randomforest algo...
2024-02-21 14:15:50,408 : INFO : Random Forest best params: {'criterion': 'gini', 'max_depth': 2, 'max_features': 'log2', 'n_estimators': 100}
2024-02-21 14:15:50,408 : INFO : End of finding best params for randomforest algo...
2024-02-21 14:15:50,423 : INFO : AUC for XGBoost:0.7857142857142857
2024-02-21 14:15:50,424 : INFO : End of finding best model...
2024-02-21 14:15:50,424 : INFO : Start of Save Models
2024-02-21 14:15:50,424 : INFO : Start of Save Models
2024-02-21 14:15:50,435 : INFO : Model File RandomForest1 saved
2024-02-21 14:15:50,435 : INFO : Model File RandomForest1 saved
2024-02-21 14:15:50,435 : INFO : End of Save Models
2024-02-21 14:15:50,435 : INFO : End of Save Models
2024-02-21 14:15:50,435 : INFO : End of Training
