2024-02-21 14:22:20,278 : INFO : Start of Training
2024-02-21 14:22:20,278 : INFO : Run_id:2024-02-21_142220_450004360
2024-02-21 14:22:20,278 : INFO : Start of Data Load, validation and transformation
2024-02-21 14:22:20,278 : INFO : Start of Archiving Old Rejected Files...
2024-02-21 14:22:20,279 : INFO : End of Archiving Old Rejected Files...
2024-02-21 14:22:20,279 : INFO : Start of Archiving Old Validated Files...
2024-02-21 14:22:20,281 : INFO : End of Archiving Old Validated Files...
2024-02-21 14:22:20,281 : INFO : Start of Archiving Old Processed Files...
2024-02-21 14:22:20,282 : INFO : End of Archiving Old Processed Files...
2024-02-21 14:22:20,282 : INFO : Start of Archiving Old Result Files...
2024-02-21 14:22:20,282 : INFO : End of Archiving Old Result Files...
2024-02-21 14:22:20,282 : INFO : Start of Reading values From Schema...
2024-02-21 14:22:20,283 : INFO : End of Reading values From Schema...
2024-02-21 14:22:20,283 : INFO : Start of Validating Column Length...
2024-02-21 14:22:20,283 : INFO : End of Validating Column Length...
2024-02-21 14:22:20,283 : INFO : Start of Validating Missing Values...
2024-02-21 14:22:20,284 : INFO : End of Validating Missing Values...
2024-02-21 14:22:20,284 : INFO : Start of Replacing Missing Values with NULL...
2024-02-21 14:22:20,284 : INFO : End of Replacing Missing Values with NULL...
2024-02-21 14:22:20,284 : INFO : Start of Creating Table...
2024-02-21 14:22:20,292 : INFO : Opened training database successfully
2024-02-21 14:22:20,296 : INFO : Tables created successfully
2024-02-21 14:22:20,296 : INFO : Closed training database successfully
2024-02-21 14:22:20,296 : INFO : End of Creating Table...
2024-02-21 14:22:20,296 : INFO : Opened training database successfully
2024-02-21 14:22:20,297 : INFO : Start of Inserting Data into Table...
2024-02-21 14:22:20,297 : INFO : End of Inserting Data into Table...
2024-02-21 14:22:20,297 : INFO : Start of Exporting Data into CSV...
2024-02-21 14:22:20,297 : INFO : Opened training database successfully
2024-02-21 14:22:20,302 : INFO : End of Exporting Data into CSV...
2024-02-21 14:22:20,304 : INFO : Start of Moving Processed Files...
2024-02-21 14:22:20,304 : INFO : End of Moving Processed Files...
2024-02-21 14:22:20,304 : INFO : End of Data Load, validation and transformation
2024-02-21 14:22:20,304 : INFO : Start of Preprocessing...
2024-02-21 14:22:20,304 : INFO : Start of reading dataset...
2024-02-21 14:22:20,323 : INFO : End of reading dataset...
2024-02-21 14:22:20,324 : INFO : Start of feature encoding...
2024-02-21 14:22:20,324 : INFO : End of feature encoding...
2024-02-21 14:22:20,326 : INFO : Start of finding missing values...
2024-02-21 14:22:20,327 : INFO : End of finding missing values...
2024-02-21 14:22:20,327 : INFO : Start of splitting features and label ...
2024-02-21 14:22:20,336 : INFO : End of splitting features and label ...
2024-02-21 14:22:20,336 : INFO : End of Preprocessing...
2024-02-21 14:22:20,337 : INFO : Start of elbow plotting...
2024-02-21 14:22:20,917 : INFO : The optimum number of clusters is: 3
2024-02-21 14:22:20,917 : INFO : End of elbow plotting...
2024-02-21 14:22:20,917 : INFO : Start of Create clusters...
2024-02-21 14:22:20,925 : INFO : Start of Save Models
2024-02-21 14:22:20,925 : INFO : Start of Save Models
2024-02-21 14:22:20,929 : INFO : Model File KMeans saved
2024-02-21 14:22:20,929 : INFO : Model File KMeans saved
2024-02-21 14:22:20,929 : INFO : End of Save Models
2024-02-21 14:22:20,929 : INFO : End of Save Models
2024-02-21 14:22:20,930 : INFO : succesfully created 3clusters.
2024-02-21 14:22:20,930 : INFO : End of Create clusters...
2024-02-21 14:22:20,935 : INFO : Start of finding best model...
2024-02-21 14:22:20,935 : INFO : Start of finding best params for XGBoost algo...
2024-02-21 14:22:42,232 : INFO : XGBoost best params: {'learning_rate': 0.5, 'max_depth': 5, 'n_estimators': 10}
2024-02-21 14:22:42,232 : INFO : End of finding best params for XGBoost algo...
2024-02-21 14:22:42,241 : INFO : AUC for XGBoost:0.6335227272727273
2024-02-21 14:22:42,241 : INFO : Start of finding best params for randomforest algo...
2024-02-21 14:22:48,727 : INFO : Random Forest best params: {'criterion': 'gini', 'max_depth': 3, 'max_features': 'log2', 'n_estimators': 100}
2024-02-21 14:22:48,727 : INFO : End of finding best params for randomforest algo...
2024-02-21 14:22:48,730 : INFO : AUC for XGBoost:0.740530303030303
2024-02-21 14:22:48,730 : INFO : End of finding best model...
2024-02-21 14:22:48,730 : INFO : Start of Save Models
2024-02-21 14:22:48,730 : INFO : Start of Save Models
2024-02-21 14:22:48,737 : INFO : Model File RandomForest2 saved
2024-02-21 14:22:48,737 : INFO : Model File RandomForest2 saved
2024-02-21 14:22:48,738 : INFO : End of Save Models
2024-02-21 14:22:48,738 : INFO : End of Save Models
2024-02-21 14:22:48,740 : INFO : Start of finding best model...
2024-02-21 14:22:48,740 : INFO : Start of finding best params for XGBoost algo...
2024-02-21 14:23:04,891 : INFO : XGBoost best params: {'learning_rate': 0.5, 'max_depth': 10, 'n_estimators': 200}
2024-02-21 14:23:04,892 : INFO : End of finding best params for XGBoost algo...
2024-02-21 14:23:04,900 : INFO : AUC for XGBoost:0.7222222222222222
2024-02-21 14:23:04,900 : INFO : Start of finding best params for randomforest algo...
2024-02-21 14:23:12,341 : INFO : Random Forest best params: {'criterion': 'gini', 'max_depth': 2, 'max_features': 'log2', 'n_estimators': 100}
2024-02-21 14:23:12,341 : INFO : End of finding best params for randomforest algo...
2024-02-21 14:23:12,351 : INFO : AUC for XGBoost:0.6587301587301587
2024-02-21 14:23:12,351 : INFO : End of finding best model...
2024-02-21 14:23:12,351 : INFO : Start of Save Models
2024-02-21 14:23:12,351 : INFO : Start of Save Models
2024-02-21 14:23:12,360 : INFO : Model File XGBoost0 saved
2024-02-21 14:23:12,360 : INFO : Model File XGBoost0 saved
2024-02-21 14:23:12,360 : INFO : End of Save Models
2024-02-21 14:23:12,360 : INFO : End of Save Models
2024-02-21 14:23:12,367 : INFO : Start of finding best model...
2024-02-21 14:23:12,367 : INFO : Start of finding best params for XGBoost algo...
2024-02-21 14:23:24,866 : INFO : XGBoost best params: {'learning_rate': 0.01, 'max_depth': 3, 'n_estimators': 10}
2024-02-21 14:23:24,867 : INFO : End of finding best params for XGBoost algo...
2024-02-21 14:23:24,874 : INFO : AUC for XGBoost:0.7857142857142857
2024-02-21 14:23:24,874 : INFO : Start of finding best params for randomforest algo...
2024-02-21 14:23:33,723 : INFO : Random Forest best params: {'criterion': 'gini', 'max_depth': 2, 'max_features': 'log2', 'n_estimators': 100}
2024-02-21 14:23:33,723 : INFO : End of finding best params for randomforest algo...
2024-02-21 14:23:33,734 : INFO : AUC for XGBoost:0.7857142857142857
2024-02-21 14:23:33,734 : INFO : End of finding best model...
2024-02-21 14:23:33,734 : INFO : Start of Save Models
2024-02-21 14:23:33,734 : INFO : Start of Save Models
2024-02-21 14:23:33,738 : INFO : Model File RandomForest1 saved
2024-02-21 14:23:33,738 : INFO : Model File RandomForest1 saved
2024-02-21 14:23:33,738 : INFO : End of Save Models
2024-02-21 14:23:33,738 : INFO : End of Save Models
2024-02-21 14:23:33,738 : INFO : End of Training
