2024-02-21 15:08:11,314 : INFO : Start of Training
2024-02-21 15:08:11,314 : INFO : Run_id:2024-02-21_150811_946473559
2024-02-21 15:08:11,315 : INFO : Start of Data Load, validation and transformation
2024-02-21 15:08:11,315 : INFO : Start of Archiving Old Rejected Files...
2024-02-21 15:08:11,316 : INFO : End of Archiving Old Rejected Files...
2024-02-21 15:08:11,316 : INFO : Start of Archiving Old Validated Files...
2024-02-21 15:08:11,318 : INFO : End of Archiving Old Validated Files...
2024-02-21 15:08:11,318 : INFO : Start of Archiving Old Processed Files...
2024-02-21 15:08:11,319 : INFO : End of Archiving Old Processed Files...
2024-02-21 15:08:11,319 : INFO : Start of Archiving Old Result Files...
2024-02-21 15:08:11,319 : INFO : End of Archiving Old Result Files...
2024-02-21 15:08:11,319 : INFO : Start of Reading values From Schema...
2024-02-21 15:08:11,324 : INFO : End of Reading values From Schema...
2024-02-21 15:08:11,324 : INFO : Start of Validating Column Length...
2024-02-21 15:08:11,326 : INFO : End of Validating Column Length...
2024-02-21 15:08:11,326 : INFO : Start of Validating Missing Values...
2024-02-21 15:08:11,328 : INFO : End of Validating Missing Values...
2024-02-21 15:08:11,329 : INFO : Start of Replacing Missing Values with NULL...
2024-02-21 15:08:11,329 : INFO : End of Replacing Missing Values with NULL...
2024-02-21 15:08:11,331 : INFO : Start of Creating Table...
2024-02-21 15:08:11,345 : INFO : Opened training database successfully
2024-02-21 15:08:11,356 : INFO : Tables created successfully
2024-02-21 15:08:11,356 : INFO : Closed training database successfully
2024-02-21 15:08:11,356 : INFO : End of Creating Table...
2024-02-21 15:08:11,357 : INFO : Opened training database successfully
2024-02-21 15:08:11,357 : INFO : Start of Inserting Data into Table...
2024-02-21 15:08:11,358 : INFO : End of Inserting Data into Table...
2024-02-21 15:08:11,358 : INFO : Start of Exporting Data into CSV...
2024-02-21 15:08:11,358 : INFO : Opened training database successfully
2024-02-21 15:08:11,366 : INFO : End of Exporting Data into CSV...
2024-02-21 15:08:11,367 : INFO : Start of Moving Processed Files...
2024-02-21 15:08:11,367 : INFO : End of Moving Processed Files...
2024-02-21 15:08:11,367 : INFO : End of Data Load, validation and transformation
2024-02-21 15:08:11,367 : INFO : Start of Preprocessing...
2024-02-21 15:08:11,367 : INFO : Start of reading dataset...
2024-02-21 15:08:11,370 : INFO : End of reading dataset...
2024-02-21 15:08:11,370 : INFO : Start of feature encoding...
2024-02-21 15:08:11,371 : INFO : End of feature encoding...
2024-02-21 15:08:11,372 : INFO : Start of finding missing values...
2024-02-21 15:08:11,372 : INFO : End of finding missing values...
2024-02-21 15:08:11,372 : INFO : Start of splitting features and label ...
2024-02-21 15:08:11,374 : INFO : End of splitting features and label ...
2024-02-21 15:08:11,374 : INFO : End of Preprocessing...
2024-02-21 15:08:11,375 : INFO : Start of elbow plotting...
2024-02-21 15:08:15,565 : INFO : The optimum number of clusters is: 3
2024-02-21 15:08:15,565 : INFO : End of elbow plotting...
2024-02-21 15:08:15,565 : INFO : Start of Create clusters...
2024-02-21 15:08:15,588 : INFO : Start of Save Models
2024-02-21 15:08:15,588 : INFO : Start of Save Models
2024-02-21 15:08:15,595 : INFO : Model File KMeans saved
2024-02-21 15:08:15,595 : INFO : Model File KMeans saved
2024-02-21 15:08:15,596 : INFO : End of Save Models
2024-02-21 15:08:15,596 : INFO : End of Save Models
2024-02-21 15:08:15,596 : INFO : succesfully created 3clusters.
2024-02-21 15:08:15,597 : INFO : End of Create clusters...
2024-02-21 15:08:15,617 : INFO : Start of finding best model...
2024-02-21 15:08:15,620 : INFO : Start of finding best params for XGBoost algo...
2024-02-21 15:09:17,345 : INFO : XGBoost best params: {'learning_rate': 0.5, 'max_depth': 5, 'n_estimators': 10}
2024-02-21 15:09:17,345 : INFO : End of finding best params for XGBoost algo...
2024-02-21 15:09:17,367 : INFO : AUC for XGBoost:0.6335227272727273
2024-02-21 15:09:17,368 : INFO : Start of finding best params for randomforest algo...
2024-02-21 15:09:52,608 : INFO : Random Forest best params: {'criterion': 'gini', 'max_depth': 3, 'max_features': 'log2', 'n_estimators': 50}
2024-02-21 15:09:52,609 : INFO : End of finding best params for randomforest algo...
2024-02-21 15:09:52,635 : INFO : AUC for XGBoost:0.756155303030303
2024-02-21 15:09:52,635 : INFO : End of finding best model...
2024-02-21 15:09:52,635 : INFO : Start of Save Models
2024-02-21 15:09:52,635 : INFO : Start of Save Models
2024-02-21 15:09:52,649 : INFO : Model File RandomForest2 saved
2024-02-21 15:09:52,649 : INFO : Model File RandomForest2 saved
2024-02-21 15:09:52,650 : INFO : End of Save Models
2024-02-21 15:09:52,650 : INFO : End of Save Models
2024-02-21 15:09:52,660 : INFO : Start of finding best model...
2024-02-21 15:09:52,660 : INFO : Start of finding best params for XGBoost algo...
2024-02-21 15:10:24,145 : INFO : XGBoost best params: {'learning_rate': 0.5, 'max_depth': 10, 'n_estimators': 200}
2024-02-21 15:10:24,145 : INFO : End of finding best params for XGBoost algo...
2024-02-21 15:10:24,153 : INFO : AUC for XGBoost:0.7222222222222222
2024-02-21 15:10:24,153 : INFO : Start of finding best params for randomforest algo...
2024-02-21 15:10:39,617 : INFO : Random Forest best params: {'criterion': 'entropy', 'max_depth': 3, 'max_features': 'log2', 'n_estimators': 50}
2024-02-21 15:10:39,617 : INFO : End of finding best params for randomforest algo...
2024-02-21 15:10:39,625 : INFO : AUC for XGBoost:0.6587301587301587
2024-02-21 15:10:39,625 : INFO : End of finding best model...
2024-02-21 15:10:39,625 : INFO : Start of Save Models
2024-02-21 15:10:39,625 : INFO : Start of Save Models
2024-02-21 15:10:39,635 : INFO : Model File XGBoost0 saved
2024-02-21 15:10:39,635 : INFO : Model File XGBoost0 saved
2024-02-21 15:10:39,635 : INFO : End of Save Models
2024-02-21 15:10:39,635 : INFO : End of Save Models
2024-02-21 15:10:39,639 : INFO : Start of finding best model...
2024-02-21 15:10:39,639 : INFO : Start of finding best params for XGBoost algo...
2024-02-21 15:10:55,155 : INFO : XGBoost best params: {'learning_rate': 0.01, 'max_depth': 3, 'n_estimators': 10}
2024-02-21 15:10:55,156 : INFO : End of finding best params for XGBoost algo...
2024-02-21 15:10:55,162 : INFO : AUC for XGBoost:0.7857142857142857
2024-02-21 15:10:55,162 : INFO : Start of finding best params for randomforest algo...
2024-02-21 15:11:04,164 : INFO : Random Forest best params: {'criterion': 'gini', 'max_depth': 2, 'max_features': 'log2', 'n_estimators': 130}
2024-02-21 15:11:04,165 : INFO : End of finding best params for randomforest algo...
2024-02-21 15:11:04,176 : INFO : AUC for XGBoost:0.7857142857142857
2024-02-21 15:11:04,176 : INFO : End of finding best model...
2024-02-21 15:11:04,176 : INFO : Start of Save Models
2024-02-21 15:11:04,176 : INFO : Start of Save Models
2024-02-21 15:11:04,185 : INFO : Model File RandomForest1 saved
2024-02-21 15:11:04,185 : INFO : Model File RandomForest1 saved
2024-02-21 15:11:04,185 : INFO : End of Save Models
2024-02-21 15:11:04,185 : INFO : End of Save Models
2024-02-21 15:11:04,185 : INFO : End of Training
