2024-02-21 13:58:50,400 : INFO : Start of Training
2024-02-21 13:58:51,396 : INFO : Run_id:2024-02-21_135840_207559192
2024-02-21 13:58:53,763 : INFO : Start of Data Load, validation and transformation
2024-02-21 13:58:53,764 : INFO : Start of Archiving Old Rejected Files...
2024-02-21 13:58:53,764 : INFO : End of Archiving Old Rejected Files...
2024-02-21 13:58:53,764 : INFO : Start of Archiving Old Validated Files...
2024-02-21 13:58:53,765 : INFO : End of Archiving Old Validated Files...
2024-02-21 13:58:53,765 : INFO : Start of Archiving Old Processed Files...
2024-02-21 13:58:53,766 : INFO : End of Archiving Old Processed Files...
2024-02-21 13:58:53,766 : INFO : Start of Archiving Old Result Files...
2024-02-21 13:58:53,766 : INFO : End of Archiving Old Result Files...
2024-02-21 13:58:53,766 : INFO : Start of Reading values From Schema...
2024-02-21 13:58:53,767 : INFO : End of Reading values From Schema...
2024-02-21 13:58:53,767 : INFO : Start of Validating Column Length...
2024-02-21 13:58:53,767 : INFO : End of Validating Column Length...
2024-02-21 13:58:53,767 : INFO : Start of Validating Missing Values...
2024-02-21 13:58:53,767 : INFO : End of Validating Missing Values...
2024-02-21 13:58:53,767 : INFO : Start of Replacing Missing Values with NULL...
2024-02-21 13:58:53,767 : INFO : End of Replacing Missing Values with NULL...
2024-02-21 13:58:53,767 : INFO : Start of Creating Table...
2024-02-21 13:58:53,768 : INFO : Opened training database successfully
2024-02-21 13:58:53,768 : INFO : Tables created successfully
2024-02-21 13:58:53,768 : INFO : Closed training database successfully
2024-02-21 13:58:53,769 : INFO : End of Creating Table...
2024-02-21 13:58:53,769 : INFO : Opened training database successfully
2024-02-21 13:58:53,769 : INFO : Start of Inserting Data into Table...
2024-02-21 13:58:53,769 : INFO : End of Inserting Data into Table...
2024-02-21 13:58:53,770 : INFO : Start of Exporting Data into CSV...
2024-02-21 13:58:53,770 : INFO : Opened training database successfully
2024-02-21 13:58:53,779 : INFO : End of Exporting Data into CSV...
2024-02-21 13:58:53,781 : INFO : Start of Moving Processed Files...
2024-02-21 13:58:53,782 : INFO : End of Moving Processed Files...
2024-02-21 13:58:53,782 : INFO : End of Data Load, validation and transformation
2024-02-21 13:59:00,818 : INFO : Start of Preprocessing...
2024-02-21 13:59:03,422 : INFO : Start of reading dataset...
2024-02-21 13:59:03,427 : INFO : End of reading dataset...
2024-02-21 13:59:28,444 : INFO : Start of Droping Columns...
