2024-02-21 14:02:04,635 : INFO : Start of Training
2024-02-21 14:02:05,489 : INFO : Run_id:2024-02-21_140157_117326591
2024-02-21 14:02:06,391 : INFO : Start of Data Load, validation and transformation
2024-02-21 14:02:06,391 : INFO : Start of Archiving Old Rejected Files...
2024-02-21 14:02:06,392 : INFO : End of Archiving Old Rejected Files...
2024-02-21 14:02:06,392 : INFO : Start of Archiving Old Validated Files...
2024-02-21 14:02:06,395 : INFO : End of Archiving Old Validated Files...
2024-02-21 14:02:06,396 : INFO : Start of Archiving Old Processed Files...
2024-02-21 14:02:06,397 : INFO : End of Archiving Old Processed Files...
2024-02-21 14:02:06,397 : INFO : Start of Archiving Old Result Files...
2024-02-21 14:02:06,397 : INFO : End of Archiving Old Result Files...
2024-02-21 14:02:06,397 : INFO : Start of Reading values From Schema...
2024-02-21 14:02:06,398 : INFO : End of Reading values From Schema...
2024-02-21 14:02:06,398 : INFO : Start of Validating Column Length...
2024-02-21 14:02:06,420 : INFO : End of Validating Column Length...
2024-02-21 14:02:06,420 : INFO : Start of Validating Missing Values...
2024-02-21 14:02:06,440 : INFO : End of Validating Missing Values...
2024-02-21 14:02:06,440 : INFO : Start of Replacing Missing Values with NULL...
2024-02-21 14:02:06,499 : INFO : hr_employee_churn_data.csv: File Transformed successfully!!
2024-02-21 14:02:06,499 : INFO : End of Replacing Missing Values with NULL...
2024-02-21 14:02:06,499 : INFO : Start of Creating Table...
2024-02-21 14:02:06,500 : INFO : Opened training database successfully
2024-02-21 14:02:06,501 : INFO : Tables created successfully
2024-02-21 14:02:06,502 : INFO : Closed training database successfully
2024-02-21 14:02:06,502 : INFO : End of Creating Table...
2024-02-21 14:02:06,502 : INFO : Opened training database successfully
2024-02-21 14:02:06,503 : INFO : Start of Inserting Data into Table...
2024-02-21 14:02:06,504 : ERROR : Exception raised while Inserting Data into Table: table training_raw_data_t has 9 columns but 10 values were supplied 
Traceback (most recent call last):
  File "C:\Users\MCS\PycharmProjects\MCSProject\pythonProject\apps\database\database_operation.py", line 92, in insert_data
    conn.execute("INSERT INTO "+table_name+" values ({values})".format(values=(to_db)))
sqlite3.OperationalError: table training_raw_data_t has 9 columns but 10 values were supplied
2024-02-21 14:02:06,506 : INFO : End of Inserting Data into Table...
2024-02-21 14:02:06,506 : INFO : Start of Exporting Data into CSV...
2024-02-21 14:02:06,506 : INFO : Opened training database successfully
2024-02-21 14:02:06,512 : INFO : End of Exporting Data into CSV...
2024-02-21 14:02:06,512 : INFO : Start of Moving Processed Files...
2024-02-21 14:02:06,512 : INFO : End of Moving Processed Files...
2024-02-21 14:02:06,513 : INFO : End of Data Load, validation and transformation
2024-02-21 14:02:11,988 : INFO : Start of Preprocessing...
2024-02-21 14:02:13,745 : INFO : Start of reading dataset...
2024-02-21 14:02:13,751 : INFO : End of reading dataset...
