2024-02-21 14:10:13,056 : INFO : Start of Training
2024-02-21 14:10:13,653 : INFO : Run_id:2024-02-21_141008_689367013
2024-02-21 14:10:14,962 : INFO : Start of Data Load, validation and transformation
2024-02-21 14:10:14,962 : INFO : Start of Archiving Old Rejected Files...
2024-02-21 14:10:14,964 : INFO : End of Archiving Old Rejected Files...
2024-02-21 14:10:14,964 : INFO : Start of Archiving Old Validated Files...
2024-02-21 14:10:14,965 : INFO : End of Archiving Old Validated Files...
2024-02-21 14:10:14,966 : INFO : Start of Archiving Old Processed Files...
2024-02-21 14:10:14,967 : INFO : End of Archiving Old Processed Files...
2024-02-21 14:10:14,967 : INFO : Start of Archiving Old Result Files...
2024-02-21 14:10:14,968 : INFO : End of Archiving Old Result Files...
2024-02-21 14:10:14,969 : INFO : Start of Reading values From Schema...
2024-02-21 14:10:14,970 : INFO : End of Reading values From Schema...
2024-02-21 14:10:14,970 : INFO : Start of Validating Column Length...
2024-02-21 14:10:14,970 : INFO : End of Validating Column Length...
2024-02-21 14:10:14,971 : INFO : Start of Validating Missing Values...
2024-02-21 14:10:14,971 : INFO : End of Validating Missing Values...
2024-02-21 14:10:14,971 : INFO : Start of Replacing Missing Values with NULL...
2024-02-21 14:10:14,971 : INFO : End of Replacing Missing Values with NULL...
2024-02-21 14:10:14,971 : INFO : Start of Creating Table...
2024-02-21 14:10:14,971 : INFO : Opened training database successfully
2024-02-21 14:10:14,972 : INFO : Tables created successfully
2024-02-21 14:10:14,972 : INFO : Closed training database successfully
2024-02-21 14:10:14,972 : INFO : End of Creating Table...
2024-02-21 14:10:14,972 : INFO : Opened training database successfully
2024-02-21 14:10:14,972 : INFO : Start of Inserting Data into Table...
2024-02-21 14:10:14,973 : INFO : End of Inserting Data into Table...
2024-02-21 14:10:14,973 : INFO : Start of Exporting Data into CSV...
2024-02-21 14:10:14,973 : INFO : Opened training database successfully
2024-02-21 14:10:14,977 : INFO : End of Exporting Data into CSV...
2024-02-21 14:10:14,977 : INFO : Start of Moving Processed Files...
2024-02-21 14:10:14,977 : INFO : End of Moving Processed Files...
2024-02-21 14:10:14,977 : INFO : End of Data Load, validation and transformation
2024-02-21 14:10:19,149 : INFO : Start of Preprocessing...
2024-02-21 14:10:19,851 : INFO : Start of reading dataset...
2024-02-21 14:10:19,856 : INFO : End of reading dataset...
2024-02-21 14:10:20,692 : INFO : Start of feature encoding...
2024-02-21 14:10:20,693 : INFO : End of feature encoding...
2024-02-21 14:10:24,211 : INFO : Start of Droping Columns...
2024-02-21 14:10:24,212 : ERROR : Exception raised while Droping Columns:"['salary'] not found in axis"
Traceback (most recent call last):
  File "C:\Users\MCS\PycharmProjects\MCSProject\pythonProject\apps\preprocess\preprocessor.py", line 49, in drop_columns
    self.useful_data=self.data.drop(labels=self.columns, axis=1) # drop the labels specified in the columns
                     ^^^^^^^^^^^^^^^^^^^^^^^^^^^^^^^^^^^^^^^^^^^
  File "C:\Users\MCS\PycharmProjects\MCSProject\pythonProject\venv\Lib\site-packages\pandas\core\frame.py", line 5568, in drop
    return super().drop(
           ^^^^^^^^^^^^^
  File "C:\Users\MCS\PycharmProjects\MCSProject\pythonProject\venv\Lib\site-packages\pandas\core\generic.py", line 4782, in drop
    obj = obj._drop_axis(labels, axis, level=level, errors=errors)
          ^^^^^^^^^^^^^^^^^^^^^^^^^^^^^^^^^^^^^^^^^^^^^^^^^^^^^^^^
  File "C:\Users\MCS\PycharmProjects\MCSProject\pythonProject\venv\Lib\site-packages\pandas\core\generic.py", line 4824, in _drop_axis
    new_axis = axis.drop(labels, errors=errors)
               ^^^^^^^^^^^^^^^^^^^^^^^^^^^^^^^^
  File "C:\Users\MCS\PycharmProjects\MCSProject\pythonProject\venv\Lib\site-packages\pandas\core\indexes\base.py", line 7069, in drop
    raise KeyError(f"{labels[mask].tolist()} not found in axis")
KeyError: "['salary'] not found in axis"
