2024-02-21 14:11:40,552 : INFO : Start of Training
2024-02-21 14:11:40,552 : INFO : Run_id:2024-02-21_141138_623209611
2024-02-21 14:11:40,552 : INFO : Start of Data Load, validation and transformation
2024-02-21 14:11:40,552 : INFO : Start of Archiving Old Rejected Files...
2024-02-21 14:11:40,552 : INFO : End of Archiving Old Rejected Files...
2024-02-21 14:11:40,552 : INFO : Start of Archiving Old Validated Files...
2024-02-21 14:11:40,553 : INFO : End of Archiving Old Validated Files...
2024-02-21 14:11:40,553 : INFO : Start of Archiving Old Processed Files...
2024-02-21 14:11:40,554 : INFO : End of Archiving Old Processed Files...
2024-02-21 14:11:40,554 : INFO : Start of Archiving Old Result Files...
2024-02-21 14:11:40,554 : INFO : End of Archiving Old Result Files...
2024-02-21 14:11:40,554 : INFO : Start of Reading values From Schema...
2024-02-21 14:11:40,555 : INFO : End of Reading values From Schema...
2024-02-21 14:11:40,555 : INFO : Start of Validating Column Length...
2024-02-21 14:11:40,555 : INFO : End of Validating Column Length...
2024-02-21 14:11:40,555 : INFO : Start of Validating Missing Values...
2024-02-21 14:11:40,555 : INFO : End of Validating Missing Values...
2024-02-21 14:11:40,555 : INFO : Start of Replacing Missing Values with NULL...
2024-02-21 14:11:40,555 : INFO : End of Replacing Missing Values with NULL...
2024-02-21 14:11:40,555 : INFO : Start of Creating Table...
2024-02-21 14:11:40,556 : INFO : Opened training database successfully
2024-02-21 14:11:40,556 : INFO : Tables created successfully
2024-02-21 14:11:40,556 : INFO : Closed training database successfully
2024-02-21 14:11:40,556 : INFO : End of Creating Table...
2024-02-21 14:11:40,556 : INFO : Opened training database successfully
2024-02-21 14:11:40,557 : INFO : Start of Inserting Data into Table...
2024-02-21 14:11:40,557 : INFO : End of Inserting Data into Table...
2024-02-21 14:11:40,557 : INFO : Start of Exporting Data into CSV...
2024-02-21 14:11:40,557 : INFO : Opened training database successfully
2024-02-21 14:11:40,562 : INFO : End of Exporting Data into CSV...
2024-02-21 14:11:40,563 : INFO : Start of Moving Processed Files...
2024-02-21 14:11:40,563 : INFO : End of Moving Processed Files...
2024-02-21 14:11:40,564 : INFO : End of Data Load, validation and transformation
2024-02-21 14:11:40,564 : INFO : Start of Preprocessing...
2024-02-21 14:11:40,564 : INFO : Start of reading dataset...
2024-02-21 14:11:40,569 : INFO : End of reading dataset...
2024-02-21 14:11:40,569 : INFO : Start of feature encoding...
2024-02-21 14:11:40,570 : INFO : End of feature encoding...
2024-02-21 14:11:40,571 : INFO : Start of finding missing values...
2024-02-21 14:11:40,571 : INFO : End of finding missing values...
2024-02-21 14:11:40,571 : INFO : Start of splitting features and label ...
2024-02-21 14:11:40,574 : INFO : End of splitting features and label ...
2024-02-21 14:11:40,574 : INFO : End of Preprocessing...
2024-02-21 14:11:40,575 : INFO : Start of elbow plotting...
2024-02-21 14:11:41,499 : INFO : The optimum number of clusters is: 3
2024-02-21 14:11:41,499 : INFO : End of elbow plotting...
2024-02-21 14:11:41,500 : INFO : Start of Create clusters...
2024-02-21 14:11:41,510 : INFO : Start of Save Models
2024-02-21 14:11:41,510 : INFO : Start of Save Models
2024-02-21 14:11:41,513 : INFO : Model File KMeans saved
2024-02-21 14:11:41,513 : INFO : Model File KMeans saved
2024-02-21 14:11:41,514 : INFO : End of Save Models
2024-02-21 14:11:41,514 : INFO : End of Save Models
2024-02-21 14:11:41,516 : INFO : succesfully created 3clusters.
2024-02-21 14:11:41,516 : INFO : End of Create clusters...
2024-02-21 14:11:41,528 : INFO : Start of finding best model...
2024-02-21 14:11:41,529 : INFO : Start of finding best params for XGBoost algo...
2024-02-21 14:12:07,365 : INFO : XGBoost best params: {'learning_rate': 0.5, 'max_depth': 5, 'n_estimators': 10}
2024-02-21 14:12:07,365 : INFO : End of finding best params for XGBoost algo...
2024-02-21 14:12:07,381 : INFO : AUC for XGBoost:0.6335227272727273
2024-02-21 14:12:07,382 : INFO : Start of finding best params for randomforest algo...
2024-02-21 14:12:58,320 : INFO : Random Forest best params: {'criterion': 'gini', 'max_depth': 3, 'max_features': 'log2', 'n_estimators': 10}
2024-02-21 14:12:58,320 : INFO : End of finding best params for randomforest algo...
2024-02-21 14:12:58,343 : INFO : AUC for XGBoost:0.740530303030303
2024-02-21 14:12:58,343 : INFO : End of finding best model...
2024-02-21 14:12:58,343 : INFO : Start of Save Models
2024-02-21 14:12:58,343 : INFO : Start of Save Models
2024-02-21 14:12:58,347 : INFO : Model File RandomForest2 saved
2024-02-21 14:12:58,347 : INFO : Model File RandomForest2 saved
2024-02-21 14:12:58,347 : INFO : End of Save Models
2024-02-21 14:12:58,347 : INFO : End of Save Models
2024-02-21 14:12:58,360 : INFO : Start of finding best model...
2024-02-21 14:12:58,361 : INFO : Start of finding best params for XGBoost algo...
2024-02-21 14:13:20,543 : INFO : XGBoost best params: {'learning_rate': 0.5, 'max_depth': 10, 'n_estimators': 200}
2024-02-21 14:13:20,543 : INFO : End of finding best params for XGBoost algo...
2024-02-21 14:13:20,557 : INFO : AUC for XGBoost:0.7222222222222222
2024-02-21 14:13:20,558 : INFO : Start of finding best params for randomforest algo...
2024-02-21 14:14:00,454 : INFO : Random Forest best params: {'criterion': 'entropy', 'max_depth': 2, 'max_features': 'log2', 'n_estimators': 130}
2024-02-21 14:14:00,454 : INFO : End of finding best params for randomforest algo...
2024-02-21 14:14:00,484 : INFO : AUC for XGBoost:0.6825396825396826
2024-02-21 14:14:00,485 : INFO : End of finding best model...
2024-02-21 14:14:00,485 : INFO : Start of Save Models
2024-02-21 14:14:00,485 : INFO : Start of Save Models
2024-02-21 14:14:00,496 : INFO : Model File XGBoost0 saved
2024-02-21 14:14:00,496 : INFO : Model File XGBoost0 saved
2024-02-21 14:14:00,497 : INFO : End of Save Models
2024-02-21 14:14:00,497 : INFO : End of Save Models
2024-02-21 14:14:00,510 : INFO : Start of finding best model...
2024-02-21 14:14:00,510 : INFO : Start of finding best params for XGBoost algo...
