2024-02-21 14:10:52,780 : INFO : Start of Training
2024-02-21 14:10:53,448 : INFO : Run_id:2024-02-21_141042_679930764
2024-02-21 14:10:54,195 : INFO : Start of Data Load, validation and transformation
2024-02-21 14:10:54,195 : INFO : Start of Archiving Old Rejected Files...
2024-02-21 14:10:54,196 : INFO : End of Archiving Old Rejected Files...
2024-02-21 14:10:54,196 : INFO : Start of Archiving Old Validated Files...
2024-02-21 14:10:54,198 : INFO : End of Archiving Old Validated Files...
2024-02-21 14:10:54,198 : INFO : Start of Archiving Old Processed Files...
2024-02-21 14:10:54,198 : INFO : End of Archiving Old Processed Files...
2024-02-21 14:10:54,198 : INFO : Start of Archiving Old Result Files...
2024-02-21 14:10:54,199 : INFO : End of Archiving Old Result Files...
2024-02-21 14:10:54,199 : INFO : Start of Reading values From Schema...
2024-02-21 14:10:54,199 : INFO : End of Reading values From Schema...
2024-02-21 14:10:54,199 : INFO : Start of Validating Column Length...
2024-02-21 14:10:54,199 : INFO : End of Validating Column Length...
2024-02-21 14:10:54,199 : INFO : Start of Validating Missing Values...
2024-02-21 14:10:54,199 : INFO : End of Validating Missing Values...
2024-02-21 14:10:54,199 : INFO : Start of Replacing Missing Values with NULL...
2024-02-21 14:10:54,199 : INFO : End of Replacing Missing Values with NULL...
2024-02-21 14:10:54,200 : INFO : Start of Creating Table...
2024-02-21 14:10:54,200 : INFO : Opened training database successfully
2024-02-21 14:10:54,200 : INFO : Tables created successfully
2024-02-21 14:10:54,200 : INFO : Closed training database successfully
2024-02-21 14:10:54,200 : INFO : End of Creating Table...
2024-02-21 14:10:54,202 : INFO : Opened training database successfully
2024-02-21 14:10:54,203 : INFO : Start of Inserting Data into Table...
2024-02-21 14:10:54,203 : INFO : End of Inserting Data into Table...
2024-02-21 14:10:54,203 : INFO : Start of Exporting Data into CSV...
2024-02-21 14:10:54,204 : INFO : Opened training database successfully
2024-02-21 14:10:54,209 : INFO : End of Exporting Data into CSV...
2024-02-21 14:10:54,209 : INFO : Start of Moving Processed Files...
2024-02-21 14:10:54,210 : INFO : End of Moving Processed Files...
2024-02-21 14:10:54,210 : INFO : End of Data Load, validation and transformation
2024-02-21 14:10:58,843 : INFO : Start of Preprocessing...
2024-02-21 14:10:59,609 : INFO : Start of reading dataset...
2024-02-21 14:10:59,617 : INFO : End of reading dataset...
2024-02-21 14:11:00,318 : INFO : Start of feature encoding...
2024-02-21 14:11:00,319 : INFO : End of feature encoding...
2024-02-21 14:11:05,814 : INFO : Start of finding missing values...
2024-02-21 14:11:05,816 : INFO : End of finding missing values...
2024-02-21 14:11:12,146 : INFO : Start of splitting features and label ...
2024-02-21 14:11:12,146 : ERROR : Exception raised while splitting features and label:"['left'] not found in axis"
Traceback (most recent call last):
  File "C:\Users\MCS\PycharmProjects\MCSProject\pythonProject\apps\preprocess\preprocessor.py", line 138, in split_features_label
    self.X=self.data.drop(labels=label_name,axis=1) # drop the columns specified and separate the feature columns
           ^^^^^^^^^^^^^^^^^^^^^^^^^^^^^^^^^^^^^^^^
  File "C:\Users\MCS\PycharmProjects\MCSProject\pythonProject\venv\Lib\site-packages\pandas\core\frame.py", line 5568, in drop
    return super().drop(
           ^^^^^^^^^^^^^
  File "C:\Users\MCS\PycharmProjects\MCSProject\pythonProject\venv\Lib\site-packages\pandas\core\generic.py", line 4782, in drop
    obj = obj._drop_axis(labels, axis, level=level, errors=errors)
          ^^^^^^^^^^^^^^^^^^^^^^^^^^^^^^^^^^^^^^^^^^^^^^^^^^^^^^^^
  File "C:\Users\MCS\PycharmProjects\MCSProject\pythonProject\venv\Lib\site-packages\pandas\core\generic.py", line 4824, in _drop_axis
    new_axis = axis.drop(labels, errors=errors)
               ^^^^^^^^^^^^^^^^^^^^^^^^^^^^^^^^
  File "C:\Users\MCS\PycharmProjects\MCSProject\pythonProject\venv\Lib\site-packages\pandas\core\indexes\base.py", line 7069, in drop
    raise KeyError(f"{labels[mask].tolist()} not found in axis")
KeyError: "['left'] not found in axis"
